<?xml version="1.0" encoding="UTF-8"?>
<testsuite xmlns:xsi="http://www.w3.org/2001/XMLSchema-instance" xsi:noNamespaceSchemaLocation="https://maven.apache.org/surefire/maven-surefire-plugin/xsd/surefire-test-report.xsd" name="TestSuite" time="12.377" tests="24" errors="0" skipped="0" failures="1">
  <properties>
[...]
</properties>
  <testcase name="test" classname="com.lemon.cases.KeyouRegisterCase" time="4.698"/>
  <testcase name="test" classname="com.lemon.cases.KeyouRegisterCase" time="0.106"/>
  <testcase name="test" classname="com.lemon.cases.KeyouRegisterCase" time="0.092"/>
  <testcase name="test" classname="com.lemon.cases.KeyouRegisterCase" time="0.1"/>
  <testcase name="test" classname="com.lemon.cases.KeyouRegisterCase" time="0.215"/>
  <testcase name="test" classname="com.lemon.cases.KeyouRegisterCase" time="0.092"/>
  <testcase name="test" classname="com.lemon.cases.KeyyouLoginCase" time="0.094"/>
  <testcase name="test" classname="com.lemon.cases.KeyyouLoginCase" time="0.206"/>
  <testcase name="test" classname="com.lemon.cases.KeyyouLoginCase" time="0.105"/>
  <testcase name="test" classname="com.lemon.cases.KeyyouLoginCase" time="0.221"/>
  <testcase name="test" classname="com.lemon.cases.KeyyouLoginCase" time="0.219"/>
  <testcase name="test" classname="com.lemon.cases.KeyouConfigures" time="0.101"/>
  <testcase name="test" classname="com.lemon.cases.KeyouConfigures" time="0.093"/>
  <testcase name="test" classname="com.lemon.cases.KeyouConfigures" time="0.097"/>
  <testcase name="test" classname="com.lemon.cases.KeyouConfigures" time="0.09"/>
  <testcase name="test" classname="com.lemon.cases.KeyouProjects" time="0.104"/>
  <testcase name="test" classname="com.lemon.cases.KeyouProjects" time="0.103"/>
  <testcase name="test" classname="com.lemon.cases.KeyouProjects" time="0.091"/>
  <testcase name="test" classname="com.lemon.cases.KeyouProjects" time="0.151"/>
  <testcase name="test" classname="com.lemon.cases.KeyouCreateProjects" time="0.15"/>
  <testcase name="test" classname="com.lemon.cases.KeyouCreateProjects" time="0.093"/>
  <testcase name="test" classname="com.lemon.cases.KeyouCreateProjects" time="0.122">
    <failure message="expected [passed] but found [failed]" type="java.lang.AssertionError">java.lang.AssertionError: expected [passed] but found [failed]
	at com.lemon.cases.KeyouCreateProjects.test(KeyouCreateProjects.java:62)
</failure>
    <system-out><![CDATA[Recharge token:eyJ0eXAiOiJKV1QiLCJhbGciOiJIUzI1NiJ9.eyJ1c2VyX2lkIjo2MSwidXNlcm5hbWUiOiI0NTY3ODkiLCJleHAiOjE1OTc4NTAyNzMsImVtYWlsIjoiMTQwMjZAcXEuY29tIn0.HrMAO8Fk99Zzus_xegocb6CAGMdBZX-eyowH4KSVxP4
[INFO] 2020-08-18 23:17:15 method: com.lemon.utils.HttpUtils.printResponse_aroundBody2(HttpUtils.java:242)----[Server: nginx/1.16.1, Date: Tue, 18 Aug 2020 15:17:54 GMT, Content-Type: application/json, Content-Length: 148, Connection: keep-alive, Vary: Accept, Origin, Allow: GET, POST, HEAD, OPTIONS, X-Frame-Options: SAMEORIGIN]
[INFO] 2020-08-18 23:17:15 method: com.lemon.utils.HttpUtils.printResponse_aroundBody2(HttpUtils.java:247)----{"id":124,"create_time":"2020-08-18T23:17:54.695031+08:00","name":"999","leader":"19","tester":"19","programmer":"19","publish_app":"1.0","desc":""}
[INFO] 2020-08-18 23:17:15 method: com.lemon.utils.HttpUtils.printResponse_aroundBody2(HttpUtils.java:252)----201
响应断言结果：false
]]></system-out>
  </testcase>
  <testcase name="test" classname="com.lemon.cases.KeyouCreateProjects" time="0.099"/>
  <testcase name="test" classname="com.lemon.cases.KeyouCreateProjects" time="0.113"/>
</testsuite>