<?xml version="1.0" encoding="UTF-8"?>
<!-- Generated by org.testng.reporters.JUnitXMLReporter -->
<testsuite hostname="DESKTOP-74HS2VL" ignored="0" name="keyou-登录" tests="5" failures="0" timestamp="18 八月 2020 15:17:14 GMT" time="0.914" errors="0">
  <testcase name="test" time="0.094" classname="com.lemon.cases.KeyyouLoginCase"/>
  <testcase name="test" time="0.206" classname="com.lemon.cases.KeyyouLoginCase"/>
  <testcase name="test" time="0.101" classname="com.lemon.cases.KeyyouLoginCase"/>
  <testcase name="test" time="0.22" classname="com.lemon.cases.KeyyouLoginCase"/>
  <testcase name="test" time="0.22" classname="com.lemon.cases.KeyyouLoginCase"/>
</testsuite> <!-- keyou-登录 -->
