<?xml version="1.0" encoding="UTF-8"?>
<!-- Generated by org.testng.reporters.JUnitXMLReporter -->
<testsuite hostname="DESKTOP-74HS2VL" ignored="0" name="keyou-配置列表" tests="4" failures="0" timestamp="18 八月 2020 15:17:14 GMT" time="0.432" errors="0">
  <testcase name="test" time="0.101" classname="com.lemon.cases.KeyouConfigures"/>
  <testcase name="test" time="0.093" classname="com.lemon.cases.KeyouConfigures"/>
  <testcase name="test" time="0.098" classname="com.lemon.cases.KeyouConfigures"/>
  <testcase name="test" time="0.091" classname="com.lemon.cases.KeyouConfigures"/>
</testsuite> <!-- keyou-配置列表 -->
