<?xml version="1.0" encoding="UTF-8"?>
<!-- Generated by org.testng.reporters.JUnitXMLReporter -->
<testsuite hostname="DESKTOP-74HS2VL" ignored="0" name="keyou-项目列表" tests="4" failures="0" timestamp="18 八月 2020 15:17:15 GMT" time="0.501" errors="0">
  <testcase name="test" time="0.104" classname="com.lemon.cases.KeyouProjects"/>
  <testcase name="test" time="0.105" classname="com.lemon.cases.KeyouProjects"/>
  <testcase name="test" time="0.091" classname="com.lemon.cases.KeyouProjects"/>
  <testcase name="test" time="0.147" classname="com.lemon.cases.KeyouProjects"/>
</testsuite> <!-- keyou-项目列表 -->
