<?xml version="1.0" encoding="UTF-8"?>
<!-- Generated by org.testng.reporters.JUnitXMLReporter -->
<testsuite hostname="DESKTOP-74HS2VL" ignored="0" name="keyou-注册" tests="6" failures="0" timestamp="18 八月 2020 15:17:13 GMT" time="6.425" errors="0">
  <testcase name="test" time="4.687" classname="com.lemon.cases.KeyouRegisterCase"/>
  <testcase name="test" time="0.099" classname="com.lemon.cases.KeyouRegisterCase"/>
  <testcase name="test" time="0.092" classname="com.lemon.cases.KeyouRegisterCase"/>
  <testcase name="test" time="0.101" classname="com.lemon.cases.KeyouRegisterCase"/>
  <testcase name="test" time="0.217" classname="com.lemon.cases.KeyouRegisterCase"/>
  <testcase name="test" time="0.092" classname="com.lemon.cases.KeyouRegisterCase"/>
</testsuite> <!-- keyou-注册 -->
